                                      1 ;--------------------------------------------------------
                                      2 ; File Created by SDCC : free open source ANSI-C Compiler
                                      3 ; Version 4.1.0 #12072 (MINGW32)
                                      4 ;--------------------------------------------------------
                                      5 	.module output
                                      6 	.optsdcc -mgbz80
                                      7 	
                                      8 ;--------------------------------------------------------
                                      9 ; Public variables in this module
                                     10 ;--------------------------------------------------------
                                     11 	.globl _song0
                                     12 	.globl _song_Data
                                     13 ;--------------------------------------------------------
                                     14 ; special function registers
                                     15 ;--------------------------------------------------------
                                     16 ;--------------------------------------------------------
                                     17 ; ram data
                                     18 ;--------------------------------------------------------
                                     19 	.area _DATA
      000000                         20 _song_Data::
      000000                         21 	.ds 4
                                     22 ;--------------------------------------------------------
                                     23 ; absolute external ram data
                                     24 ;--------------------------------------------------------
                                     25 	.area _DABS (ABS)
                                     26 ;--------------------------------------------------------
                                     27 ; global & static initialisations
                                     28 ;--------------------------------------------------------
                                     29 	.area _HOME
                                     30 	.area _GSINIT
                                     31 	.area _GSFINAL
                                     32 	.area _GSINIT
                                     33 ;P:\04_Computer_Science\C_CPP\Gameboy\02_Domination\output.c:73: const unsigned char * song_Data[] = {
      000000 21r00r00                34 	ld	hl, #_song_Data
      000003 3Er00                   35 	ld	a, #<(_song0)
      000005 22                      36 	ld	(hl+), a
      000006 36s00                   37 	ld	(hl), #>(_song0)
      000008 21r02r00                38 	ld	hl, #(_song_Data + 0x0002)
      00000B AF                      39 	xor	a, a
      00000C 22                      40 	ld	(hl+), a
      00000D 77                      41 	ld	(hl), a
                                     42 ;--------------------------------------------------------
                                     43 ; Home
                                     44 ;--------------------------------------------------------
                                     45 	.area _HOME
                                     46 	.area _HOME
                                     47 ;--------------------------------------------------------
                                     48 ; code
                                     49 ;--------------------------------------------------------
                                     50 	.area _CODE
                                     51 	.area _CODE
      000000                         52 _song0:
      000000 8C                      53 	.db #0x8c	; 140
      000001 3F                      54 	.db #0x3f	; 63
      000002 B0                      55 	.db #0xb0	; 176
      000003 2F                      56 	.db #0x2f	; 47
      000004 AB                      57 	.db #0xab	; 171
      000005 16                      58 	.db #0x16	; 22
      000006 8B                      59 	.db #0x8b	; 139
      000007 02                      60 	.db #0x02	; 2
      000008 00                      61 	.db #0x00	; 0
      000009 00                      62 	.db #0x00	; 0
      00000A 00                      63 	.db #0x00	; 0
      00000B 20                      64 	.db #0x20	; 32
      00000C 20                      65 	.db #0x20	; 32
      00000D 20                      66 	.db #0x20	; 32
      00000E 20                      67 	.db #0x20	; 32
      00000F 00                      68 	.db #0x00	; 0
      000010 00                      69 	.db #0x00	; 0
      000011 00                      70 	.db #0x00	; 0
      000012 00                      71 	.db #0x00	; 0
      000013 00                      72 	.db #0x00	; 0
      000014 8A                      73 	.db #0x8a	; 138
      000015 3F                      74 	.db #0x3f	; 63
      000016 00                      75 	.db #0x00	; 0
      000017 00                      76 	.db #0x00	; 0
      000018 8B                      77 	.db #0x8b	; 139
      000019 08                      78 	.db #0x08	; 8
      00001A 00                      79 	.db #0x00	; 0
      00001B 00                      80 	.db #0x00	; 0
      00001C 00                      81 	.db #0x00	; 0
      00001D 20                      82 	.db #0x20	; 32
      00001E 20                      83 	.db #0x20	; 32
      00001F 00                      84 	.db #0x00	; 0
      000020 00                      85 	.db #0x00	; 0
      000021 00                      86 	.db #0x00	; 0
      000022 00                      87 	.db #0x00	; 0
      000023 00                      88 	.db #0x00	; 0
      000024 00                      89 	.db #0x00	; 0
      000025 00                      90 	.db #0x00	; 0
      000026 89                      91 	.db #0x89	; 137
      000027 3F                      92 	.db #0x3f	; 63
      000028 AD                      93 	.db #0xad	; 173
      000029 2F                      94 	.db #0x2f	; 47
      00002A A4                      95 	.db #0xa4	; 164
      00002B 16                      96 	.db #0x16	; 22
      00002C 8B                      97 	.db #0x8b	; 139
      00002D 02                      98 	.db #0x02	; 2
      00002E 00                      99 	.db #0x00	; 0
      00002F 00                     100 	.db #0x00	; 0
      000030 00                     101 	.db #0x00	; 0
      000031 20                     102 	.db #0x20	; 32
      000032 20                     103 	.db #0x20	; 32
      000033 20                     104 	.db #0x20	; 32
      000034 20                     105 	.db #0x20	; 32
      000035 00                     106 	.db #0x00	; 0
      000036 00                     107 	.db #0x00	; 0
      000037 00                     108 	.db #0x00	; 0
      000038 00                     109 	.db #0x00	; 0
      000039 00                     110 	.db #0x00	; 0
      00003A 8F                     111 	.db #0x8f	; 143
      00003B 3F                     112 	.db #0x3f	; 63
      00003C 00                     113 	.db #0x00	; 0
      00003D 00                     114 	.db #0x00	; 0
      00003E 8B                     115 	.db #0x8b	; 139
      00003F 08                     116 	.db #0x08	; 8
      000040 00                     117 	.db #0x00	; 0
      000041 00                     118 	.db #0x00	; 0
      000042 00                     119 	.db #0x00	; 0
      000043 20                     120 	.db #0x20	; 32
      000044 20                     121 	.db #0x20	; 32
      000045 00                     122 	.db #0x00	; 0
      000046 00                     123 	.db #0x00	; 0
      000047 00                     124 	.db #0x00	; 0
      000048 00                     125 	.db #0x00	; 0
      000049 00                     126 	.db #0x00	; 0
      00004A 00                     127 	.db #0x00	; 0
      00004B 00                     128 	.db #0x00	; 0
      00004C 8E                     129 	.db #0x8e	; 142
      00004D 3F                     130 	.db #0x3f	; 63
      00004E AE                     131 	.db #0xae	; 174
      00004F 2F                     132 	.db #0x2f	; 47
      000050 A6                     133 	.db #0xa6	; 166
      000051 16                     134 	.db #0x16	; 22
      000052 8B                     135 	.db #0x8b	; 139
      000053 02                     136 	.db #0x02	; 2
      000054 00                     137 	.db #0x00	; 0
      000055 00                     138 	.db #0x00	; 0
      000056 00                     139 	.db #0x00	; 0
      000057 20                     140 	.db #0x20	; 32
      000058 20                     141 	.db #0x20	; 32
      000059 20                     142 	.db #0x20	; 32
      00005A 20                     143 	.db #0x20	; 32
      00005B 00                     144 	.db #0x00	; 0
      00005C 00                     145 	.db #0x00	; 0
      00005D 00                     146 	.db #0x00	; 0
      00005E 00                     147 	.db #0x00	; 0
      00005F 00                     148 	.db #0x00	; 0
      000060 88                     149 	.db #0x88	; 136
      000061 3F                     150 	.db #0x3f	; 63
      000062 00                     151 	.db #0x00	; 0
      000063 00                     152 	.db #0x00	; 0
      000064 8B                     153 	.db #0x8b	; 139
      000065 08                     154 	.db #0x08	; 8
      000066 00                     155 	.db #0x00	; 0
      000067 00                     156 	.db #0x00	; 0
      000068 00                     157 	.db #0x00	; 0
      000069 20                     158 	.db #0x20	; 32
      00006A 20                     159 	.db #0x20	; 32
      00006B 00                     160 	.db #0x00	; 0
      00006C 00                     161 	.db #0x00	; 0
      00006D 00                     162 	.db #0x00	; 0
      00006E 00                     163 	.db #0x00	; 0
      00006F 00                     164 	.db #0x00	; 0
      000070 00                     165 	.db #0x00	; 0
      000071 00                     166 	.db #0x00	; 0
      000072 87                     167 	.db #0x87	; 135
      000073 3F                     168 	.db #0x3f	; 63
      000074 00                     169 	.db #0x00	; 0
      000075 00                     170 	.db #0x00	; 0
      000076 8B                     171 	.db #0x8b	; 139
      000077 02                     172 	.db #0x02	; 2
      000078 00                     173 	.db #0x00	; 0
      000079 00                     174 	.db #0x00	; 0
      00007A 00                     175 	.db #0x00	; 0
      00007B 20                     176 	.db #0x20	; 32
      00007C 20                     177 	.db #0x20	; 32
      00007D 00                     178 	.db #0x00	; 0
      00007E 00                     179 	.db #0x00	; 0
      00007F 00                     180 	.db #0x00	; 0
      000080 00                     181 	.db #0x00	; 0
      000081 00                     182 	.db #0x00	; 0
      000082 00                     183 	.db #0x00	; 0
      000083 00                     184 	.db #0x00	; 0
      000084 8D                     185 	.db #0x8d	; 141
      000085 3F                     186 	.db #0x3f	; 63
      000086 00                     187 	.db #0x00	; 0
      000087 00                     188 	.db #0x00	; 0
      000088 8B                     189 	.db #0x8b	; 139
      000089 08                     190 	.db #0x08	; 8
      00008A 00                     191 	.db #0x00	; 0
      00008B 00                     192 	.db #0x00	; 0
      00008C 00                     193 	.db #0x00	; 0
      00008D 20                     194 	.db #0x20	; 32
      00008E 20                     195 	.db #0x20	; 32
      00008F 00                     196 	.db #0x00	; 0
      000090 00                     197 	.db #0x00	; 0
      000091 00                     198 	.db #0x00	; 0
      000092 00                     199 	.db #0x00	; 0
      000093 00                     200 	.db #0x00	; 0
      000094 00                     201 	.db #0x00	; 0
      000095 00                     202 	.db #0x00	; 0
      000096 8C                     203 	.db #0x8c	; 140
      000097 3F                     204 	.db #0x3f	; 63
      000098 B0                     205 	.db #0xb0	; 176
      000099 2F                     206 	.db #0x2f	; 47
      00009A AB                     207 	.db #0xab	; 171
      00009B 16                     208 	.db #0x16	; 22
      00009C 8B                     209 	.db #0x8b	; 139
      00009D 02                     210 	.db #0x02	; 2
      00009E 00                     211 	.db #0x00	; 0
      00009F 00                     212 	.db #0x00	; 0
      0000A0 00                     213 	.db #0x00	; 0
      0000A1 20                     214 	.db #0x20	; 32
      0000A2 20                     215 	.db #0x20	; 32
      0000A3 20                     216 	.db #0x20	; 32
      0000A4 20                     217 	.db #0x20	; 32
      0000A5 00                     218 	.db #0x00	; 0
      0000A6 00                     219 	.db #0x00	; 0
      0000A7 00                     220 	.db #0x00	; 0
      0000A8 00                     221 	.db #0x00	; 0
      0000A9 00                     222 	.db #0x00	; 0
      0000AA 8A                     223 	.db #0x8a	; 138
      0000AB 3F                     224 	.db #0x3f	; 63
      0000AC 00                     225 	.db #0x00	; 0
      0000AD 00                     226 	.db #0x00	; 0
      0000AE 8B                     227 	.db #0x8b	; 139
      0000AF 08                     228 	.db #0x08	; 8
      0000B0 00                     229 	.db #0x00	; 0
      0000B1 00                     230 	.db #0x00	; 0
      0000B2 00                     231 	.db #0x00	; 0
      0000B3 20                     232 	.db #0x20	; 32
      0000B4 20                     233 	.db #0x20	; 32
      0000B5 00                     234 	.db #0x00	; 0
      0000B6 00                     235 	.db #0x00	; 0
      0000B7 00                     236 	.db #0x00	; 0
      0000B8 00                     237 	.db #0x00	; 0
      0000B9 00                     238 	.db #0x00	; 0
      0000BA 00                     239 	.db #0x00	; 0
      0000BB 00                     240 	.db #0x00	; 0
      0000BC 89                     241 	.db #0x89	; 137
      0000BD 3F                     242 	.db #0x3f	; 63
      0000BE AD                     243 	.db #0xad	; 173
      0000BF 2F                     244 	.db #0x2f	; 47
      0000C0 A4                     245 	.db #0xa4	; 164
      0000C1 16                     246 	.db #0x16	; 22
      0000C2 8B                     247 	.db #0x8b	; 139
      0000C3 02                     248 	.db #0x02	; 2
      0000C4 00                     249 	.db #0x00	; 0
      0000C5 00                     250 	.db #0x00	; 0
      0000C6 00                     251 	.db #0x00	; 0
      0000C7 20                     252 	.db #0x20	; 32
      0000C8 20                     253 	.db #0x20	; 32
      0000C9 20                     254 	.db #0x20	; 32
      0000CA 20                     255 	.db #0x20	; 32
      0000CB 00                     256 	.db #0x00	; 0
      0000CC 00                     257 	.db #0x00	; 0
      0000CD 00                     258 	.db #0x00	; 0
      0000CE 00                     259 	.db #0x00	; 0
      0000CF 00                     260 	.db #0x00	; 0
      0000D0 8F                     261 	.db #0x8f	; 143
      0000D1 3F                     262 	.db #0x3f	; 63
      0000D2 00                     263 	.db #0x00	; 0
      0000D3 00                     264 	.db #0x00	; 0
      0000D4 8B                     265 	.db #0x8b	; 139
      0000D5 08                     266 	.db #0x08	; 8
      0000D6 00                     267 	.db #0x00	; 0
      0000D7 00                     268 	.db #0x00	; 0
      0000D8 00                     269 	.db #0x00	; 0
      0000D9 20                     270 	.db #0x20	; 32
      0000DA 20                     271 	.db #0x20	; 32
      0000DB 00                     272 	.db #0x00	; 0
      0000DC 00                     273 	.db #0x00	; 0
      0000DD 00                     274 	.db #0x00	; 0
      0000DE 00                     275 	.db #0x00	; 0
      0000DF 00                     276 	.db #0x00	; 0
      0000E0 00                     277 	.db #0x00	; 0
      0000E1 00                     278 	.db #0x00	; 0
      0000E2 8E                     279 	.db #0x8e	; 142
      0000E3 3F                     280 	.db #0x3f	; 63
      0000E4 AE                     281 	.db #0xae	; 174
      0000E5 2F                     282 	.db #0x2f	; 47
      0000E6 A6                     283 	.db #0xa6	; 166
      0000E7 16                     284 	.db #0x16	; 22
      0000E8 8B                     285 	.db #0x8b	; 139
      0000E9 02                     286 	.db #0x02	; 2
      0000EA 00                     287 	.db #0x00	; 0
      0000EB 00                     288 	.db #0x00	; 0
      0000EC 00                     289 	.db #0x00	; 0
      0000ED 20                     290 	.db #0x20	; 32
      0000EE 20                     291 	.db #0x20	; 32
      0000EF 20                     292 	.db #0x20	; 32
      0000F0 20                     293 	.db #0x20	; 32
      0000F1 00                     294 	.db #0x00	; 0
      0000F2 00                     295 	.db #0x00	; 0
      0000F3 00                     296 	.db #0x00	; 0
      0000F4 00                     297 	.db #0x00	; 0
      0000F5 00                     298 	.db #0x00	; 0
      0000F6 88                     299 	.db #0x88	; 136
      0000F7 3F                     300 	.db #0x3f	; 63
      0000F8 00                     301 	.db #0x00	; 0
      0000F9 00                     302 	.db #0x00	; 0
      0000FA 8B                     303 	.db #0x8b	; 139
      0000FB 08                     304 	.db #0x08	; 8
      0000FC 00                     305 	.db #0x00	; 0
      0000FD 00                     306 	.db #0x00	; 0
      0000FE 00                     307 	.db #0x00	; 0
      0000FF 20                     308 	.db #0x20	; 32
      000100 20                     309 	.db #0x20	; 32
      000101 00                     310 	.db #0x00	; 0
      000102 00                     311 	.db #0x00	; 0
      000103 00                     312 	.db #0x00	; 0
      000104 00                     313 	.db #0x00	; 0
      000105 00                     314 	.db #0x00	; 0
      000106 00                     315 	.db #0x00	; 0
      000107 00                     316 	.db #0x00	; 0
      000108 87                     317 	.db #0x87	; 135
      000109 3F                     318 	.db #0x3f	; 63
      00010A 00                     319 	.db #0x00	; 0
      00010B 00                     320 	.db #0x00	; 0
      00010C 8B                     321 	.db #0x8b	; 139
      00010D 02                     322 	.db #0x02	; 2
      00010E 00                     323 	.db #0x00	; 0
      00010F 00                     324 	.db #0x00	; 0
      000110 00                     325 	.db #0x00	; 0
      000111 20                     326 	.db #0x20	; 32
      000112 20                     327 	.db #0x20	; 32
      000113 00                     328 	.db #0x00	; 0
      000114 00                     329 	.db #0x00	; 0
      000115 00                     330 	.db #0x00	; 0
      000116 00                     331 	.db #0x00	; 0
      000117 A4                     332 	.db #0xa4	; 164
      000118 2F                     333 	.db #0x2f	; 47
      000119 AB                     334 	.db #0xab	; 171
      00011A 16                     335 	.db #0x16	; 22
      00011B 00                     336 	.db #0x00	; 0
      00011C 8A                     337 	.db #0x8a	; 138
      00011D 3F                     338 	.db #0x3f	; 63
      00011E 00                     339 	.db #0x00	; 0
      00011F 00                     340 	.db #0x00	; 0
      000120 8B                     341 	.db #0x8b	; 139
      000121 08                     342 	.db #0x08	; 8
      000122 00                     343 	.db #0x00	; 0
      000123 00                     344 	.db #0x00	; 0
      000124 00                     345 	.db #0x00	; 0
      000125 20                     346 	.db #0x20	; 32
      000126 00                     347 	.db #0x00	; 0
      000127 00                     348 	.db #0x00	; 0
      000128 00                     349 	.db #0x00	; 0
      000129 00                     350 	.db #0x00	; 0
      00012A 8D                     351 	.db #0x8d	; 141
      00012B 3F                     352 	.db #0x3f	; 63
      00012C A5                     353 	.db #0xa5	; 165
      00012D 2F                     354 	.db #0x2f	; 47
      00012E AC                     355 	.db #0xac	; 172
      00012F 16                     356 	.db #0x16	; 22
      000130 8B                     357 	.db #0x8b	; 139
      000131 02                     358 	.db #0x02	; 2
                                    359 	.area _CABS (ABS)
